00000000: 0000 0000 2a00 0000 0000 0000 0000 0000  ....*...........
00000010: 0000 0000 0000 0000 0000 0000 0000 0000  ................
00000020: 0000 0000 0000 0000 0000 0000 0000 0000  ................
00000030: 0000 0000 0000 0000 0000 0000 0000 0000  ................
00000040: 0000 0000 0000 0000 0000 0000 0000 0000  ................
00000050: 0000 0000 0000 0000 0000 0000 0000 0000  ................
00000060: 0000 0000 0000 0000 0000 0000 0000 0000  ................
00000070: 0000 0000 0000 0000 0000 0000 0000 0000  ................
00000080: 0000 0000 0000 0000 0000 0000 0000 0000  ................
00000090: 0000 0000 0000 0000 0000 0000 0000 0000  ................
000000a0: 0000 0000 0000 0000 0000 0000 0000 0000  ................
000000b0: 0000 0000 0000 0000 0000 0000 0000 0000  ................
000000c0: 0000 0000 0000 0000 0000 0000 0000 0000  ................
000000d0: 0000 0000 0000 0000 0000 0000 0000 0000  ................
000000e0: 0000 0000 0000 0000 0000 0000 0000 0000  ................
000000f0: 0000 0000 0000 0000 0000 0000 0000 0000  ................
00000100: 0000 0000 0000 0000 0000 0000 0000 0000  ................
00000110: 0000 0000 0000 0000 0000 0000 0000 0000  ................
00000120: 0000 0000 0000 0000 0000 0000 0000 0000  ................
00000130: 0000 0000 0000 0000 0000 0000 0000 0000  ................
00000140: 0000 0000 0000 0000 0000 0000 0000 0000  ................
00000150: 0000 0000 0000 0000 0000 0000 0000 0000  ................
00000160: 0000 0000 0000 0000 0000 0000 0000 0000  ................
00000170: 0000 0000 0000 0000 0000 0000 0000 0000  ................
00000180: 0000 0000 0000 0000 0000 0000 0000 0000  ................
00000190: 0000 0000 0000 0000 0000 0000 0000 0000  ................
000001a0: 0000 0000 0000 0000 0000 0000 0000 0000  ................
000001b0: 0000 0000 0000 0000 0000 0000 0000 0000  ................
000001c0: 0000 0000 0000 0000 0000 0000 0000 0000  ................
000001d0: 0000 0000 0000 0000 0000 0000 0000 0000  ................
000001e0: 0000 0000 0000 0000 0000 0000 0000 0000  ................
000001f0: 0000 0000 0000 0000 0000 0000 0000 0000  ................
00000200: 0000 0000 0000 0000 0000 0000 0000 0000  ................
00000210: 0000 0000 0000 0000 0000 0000 0000 0000  ................
00000220: 0000 0000 0000 0000 0000 0000 0000 0000  ................
00000230: 0000 0000 0000 0000 0000 0000 0000 0000  ................
00000240: 0000 0000 0000 0000 0000 0000 0000 0000  ................
00000250: 0000 0000 0000 0000 0000 0000 0000 0000  ................
00000260: 0000 0000 0000 0000 0000 0000 0000 0000  ................
00000270: 0000 0000 0000 0000 0000 0000 0000 0000  ................
00000280: 0000 0000 0000 0000 0000 0000 0000 0000  ................
00000290: 0000 0000 0000 0000 0000 0000 0000 0000  ................
000002a0: 0000 0000 0000 0000 0000 0000 0000 0000  ................
000002b0: 0000 0000 0000 0000 0000 0000 0000 0000  ................
000002c0: 0000 0000 0000 0000 0000 0000 0000 0000  ................
000002d0: 0000 0000 0000 0000 0000 0000 0000 0000  ................
000002e0: 0000 0000 0000 0000 0000 0000 0000 0000  ................
000002f0: 0000 0000 0000 0000 0000 0000 0000 0000  ................
00000300: 0000 0000 0000 0000 0000 0000 0000 0000  ................
00000310: 0000 0000 0000 0000 0000 0000 0000 0000  ................
00000320: 0000 0000 0000 0000 0000 0000 0000 0000  ................
00000330: 0000 0000 0000 0000 0000 0000 0000 0000  ................
00000340: 0000 0000 0000 0000 0000 0000 0000 0000  ................
00000350: 0000 0000 0000 0000 0000 0000 0000 0000  ................
00000360: 0000 0000 0000 0000 0000 0000 0000 0000  ................
00000370: 0000 0000 0000 0000 0000 0000 0000 0000  ................
00000380: 0000 0000 0000 0000 0000 0000 0000 0000  ................
00000390: 0000 0000 0000 0000 0000 0000 0000 0000  ................
000003a0: 0000 0000 0000 0000 0000 0000 0000 0000  ................
000003b0: 0000 0000 0000 0000 0000 0000 0000 0000  ................
000003c0: 0000 0000 0000 0000 0000 0000 0000 0000  ................
000003d0: 0000 0000 0000 0000 0000 0000 0000 0000  ................
000003e0: 0000 0000 0000 0000 0000 0000 0000 0000  ................
000003f0: 0000 0000 0000 0000 0000 0000 0000 0000  ................
00000400: 0000 0000 2d2b 2020 2030 5830 7800 2d30  ....-+   0X0x.-0
00000410: 582b 3058 2030 582d 3078 2b30 7820 3078  X+0X 0X-0x+0x 0x
00000420: 006e 616e 0069 6e66 004e 414e 0049 4e46  .nan.inf.NAN.INF
00000430: 002e 0028 6e75 6c6c 2900 256c 6909 2074  ...(null).%li. t
00000440: 7265 6573 206f 6620 6465 7074 6820 2575  rees of depth %u
00000450: 0920 6368 6563 6b3a 2025 6c69 0a00 7374  . check: %li..st
00000460: 7265 7463 6820 7472 6565 206f 6620 6465  retch tree of de
00000470: 7074 6820 2575 0920 6368 6563 6b3a 2025  pth %u. check: %
00000480: 6c69 0a00 6c6f 6e67 206c 6976 6564 2074  li..long lived t
00000490: 7265 6520 6f66 2064 6570 7468 2025 7509  ree of depth %u.
000004a0: 2063 6865 636b 3a20 256c 690a 0053 7570   check: %li..Sup
000004b0: 706f 7274 2066 6f72 2066 6f72 6d61 7474  port for formatt
000004c0: 696e 6720 6c6f 6e67 2064 6f75 626c 6520  ing long double 
000004d0: 7661 6c75 6573 2069 7320 6375 7272 656e  values is curren
000004e0: 746c 7920 6469 7361 626c 6564 2e0a 546f  tly disabled..To
000004f0: 2065 6e61 626c 6520 6974 2c20 6164 6420   enable it, add 
00000500: 2d6c 632d 7072 696e 7473 6361 6e2d 6c6f  -lc-printscan-lo
00000510: 6e67 2d64 6f75 626c 6520 746f 2074 6865  ng-double to the
00000520: 206c 696e 6b20 636f 6d6d 616e 642e 0a00   link command...
00000530: 0000 0000 fe82 2b65 4715 6740 0000 0000  ......+eG.g@....
00000540: 0000 3843 0000 fafe 422e 76bf 3a3b 9ebc  ..8C....B.v.:;..
00000550: 9af7 0cbd bdfd ffff ffff df3f 3c54 5555  ...........?<TUU
00000560: 5555 c53f 912b 17cf 5555 a53f 17d0 a467  UU.?.+..UU.?...g
00000570: 1111 813f 0000 0000 0000 c842 ef39 fafe  ...?.......B.9..
00000580: 422e e63f 24c4 82ff bdbf ce3f b5f4 0cd7  B..?$......?....
00000590: 086b ac3f cc50 46d2 abb2 833f 843a 4e9b  .k.?.PF....?.:N.
000005a0: e0d7 553f 0000 0000 0000 0000 0000 0000  ..U?............
000005b0: 0000 f03f 6ebf 881a 4f3b 9b3c 3533 fba9  ...?n...O;.<53..
000005c0: 3df6 ef3f 5ddc d89c 1360 71bc 6180 773e  =..?]....`q.a.w>
000005d0: 9aec ef3f d166 8710 7a5e 90bc 857f 6ee8  ...?.f..z^....n.
000005e0: 15e3 ef3f 13f6 6735 52d2 8c3c 7485 15d3  ...?..g5R..<t...
000005f0: b0d9 ef3f fa8e f923 80ce 8bbc def6 dd29  ...?...#.......)
00000600: 6bd0 ef3f 61c8 e661 4ef7 603c c89b 7518  k..?a..aN.`<..u.
00000610: 45c7 ef3f 99d3 335b e4a3 903c 83f3 c6ca  E..?..3[...<....
00000620: 3ebe ef3f 6d7b 835d a69a 973c 0f89 f96c  >..?m{.]...<...l
00000630: 58b5 ef3f fcef fd92 1ab5 8e3c f747 722b  X..?.......<.Gr+
00000640: 92ac ef3f d19c 2f70 3dbe 3e3c a2d1 d332  ...?../p=.><...2
00000650: eca3 ef3f 0b6e 9089 3403 6abc 1bd3 feaf  ...?.n..4.j.....
00000660: 669b ef3f 0ebd 2f2a 5256 95bc 515b 12d0  f..?../*RV..Q[..
00000670: 0193 ef3f 55ea 4e8c ef80 50bc cc31 6cc0  ...?U.N...P..1l.
00000680: bd8a ef3f 16f4 d5b9 23c9 91bc e02d a9ae  ...?....#....-..
00000690: 9a82 ef3f af55 5ce9 e3d3 803c 518e a5c8  ...?.U\....<Q...
000006a0: 987a ef3f 4893 a5ea 151b 80bc 7b51 7d3c  .z.?H.......{Q}<
000006b0: b872 ef3f 3d32 de55 f01f 8fbc ea8d 8c38  .r.?=2.U.......8
000006c0: f96a ef3f bf53 133f 8c89 8b3c 75cb 6feb  .j.?.S.?...<u.o.
000006d0: 5b63 ef3f 26eb 1176 9cd9 96bc d45c 0484  [c.?&..v.....\..
000006e0: e05b ef3f 602f 3a3e f7ec 9a3c aab9 6831  .[.?`/:>...<..h1
000006f0: 8754 ef3f 9d38 86cb 82e7 8fbc 1dd9 fc22  .T.?.8........."
00000700: 504d ef3f 8dc3 a644 416f 8a3c d68c 6288  PM.?...DAo.<..b.
00000710: 3b46 ef3f 7d04 e4b0 057a 803c 96dc 7d91  ;F.?}....z.<..}.
00000720: 493f ef3f 94a8 a8e3 fd8e 963c 3862 756e  I?.?.......<8bun
00000730: 7a38 ef3f 7d48 74f2 185e 873c 3fa6 b24f  z8.?}Ht..^.<?..O
00000740: ce31 ef3f f2e7 1f98 2b47 803c dd7c e265  .1.?....+G.<.|.e
00000750: 452b ef3f 5e08 713f 7bb8 96bc 8163 f5e1  E+.?^.q?{....c..
00000760: df24 ef3f 31ab 096d e1f7 823c e1de 1ff5  .$.?1..m...<....
00000770: 9d1e ef3f fabf 6f1a 9b21 3dbc 90d9 dad0  ...?..o..!=.....
00000780: 7f18 ef3f b40a 0c72 8237 8b3c 0b03 e4a6  ...?...r.7.<....
00000790: 8512 ef3f 8fcb ce89 9214 6e3c 562f 3ea9  ...?......n<V/>.
000007a0: af0c ef3f b6ab b04d 754d 833c 15b7 310a  ...?...MuM.<..1.
000007b0: fe06 ef3f 4c74 ace2 0142 863c 31d8 4cfc  ...?Lt...B.<1.L.
000007c0: 7001 ef3f 4af8 d35d 39dd 8f3c ff16 64b2  p..?J..]9..<..d.
000007d0: 08fc ee3f 045b 8e3b 80a3 86bc f19f 925f  ...?.[.;......._
000007e0: c5f6 ee3f 6850 4bcc ed4a 92bc cba9 3a37  ...?hPK..J....:7
000007f0: a7f1 ee3f 8e2d 511b f807 99bc 66d8 056d  ...?.-Q.....f..m
00000800: aeec ee3f d236 943e e8d1 71bc f79f e534  ...?.6.>..q....4
00000810: dbe7 ee3f 151b ceb3 1919 99bc e5a8 13c3  ...?............
00000820: 2de3 ee3f 6d4c 2aa7 489f 853c 2234 124c  -..?mL*.H..<"4.L
00000830: a6de ee3f 8a69 287a 6012 93bc 1c80 ac04  ...?.i(z`.......
00000840: 45da ee3f 5b89 1748 8fa7 58bc 2a2e f721  E..?[..H..X.*..!
00000850: 0ad6 ee3f 1b9a 4967 9b2c 7cbc 97a8 50d9  ...?..Ig.,|...P.
00000860: f5d1 ee3f 11ac c260 ed63 433c 2d89 6160  ...?...`.cC<-.a`
00000870: 08ce ee3f ef64 063b 0966 963c 5700 1ded  ...?.d.;.f.<W...
00000880: 41ca ee3f 7903 a1da e1cc 6e3c d03c c1b5  A..?y.....n<.<..
00000890: a2c6 ee3f 3012 0f3f 8eff 933c ded3 d7f0  ...?0..?...<....
000008a0: 2ac3 ee3f b0af 7abb ce90 763c 272a 36d5  *..?..z...v<'*6.
000008b0: dabf ee3f 77e0 54eb bd1d 933c 0ddd fd99  ...?w.T....<....
000008c0: b2bc ee3f 8ea3 7100 3494 8fbc a72c 9d76  ...?..q.4....,.v
000008d0: b2b9 ee3f 49a3 93dc ccde 87bc 4266 cfa2  ...?I.......Bf..
000008e0: dab6 ee3f 5f38 0fbd c6de 78bc 824f 9d56  ...?_8....x..O.V
000008f0: 2bb4 ee3f f65c 7bec 4612 86bc 0f92 5dca  +..?.\{.F.....].
00000900: a4b1 ee3f 8ed7 fd18 0535 933c da27 b536  ...?.....5.<.'.6
00000910: 47af ee3f 059b 8a2f b798 7b3c fdc7 97d4  G..?.../..{<....
00000920: 12ad ee3f 0954 1ce2 e163 903c 2954 48dd  ...?.T...c.<)TH.
00000930: 07ab ee3f eac6 1950 85c7 343c b746 598a  ...?...P..4<.FY.
00000940: 26a9 ee3f 35c0 642b e632 943c 4821 ad15  &..?5.d+.2.<H!..
00000950: 6fa7 ee3f 9f76 9961 4ae4 8cbc 09dc 76b9  o..?.v.aJ.....v.
00000960: e1a5 ee3f a84d ef3b c533 8cbc 8555 3ab0  ...?.M.;.3...U:.
00000970: 7ea4 ee3f aee9 2b89 7853 84bc 20c3 cc34  ~..?..+.xS.. ..4
00000980: 46a3 ee3f 5858 5678 ddce 93bc 2522 5582  F..?XXVx....%"U.
00000990: 38a2 ee3f 6419 7e80 aa10 573c 73a9 4cd4  8..?d.~...W<s.L.
000009a0: 55a1 ee3f 2822 5ebf efb3 93bc cd3b 7f66  U..?("^......;.f
000009b0: 9ea0 ee3f 82b9 3487 ad12 6abc bfda 0b75  ...?..4...j....u
000009c0: 12a0 ee3f eea9 6db8 ef67 63bc 2f1a 653c  ...?..m..gc./.e<
000009d0: b29f ee3f 5188 e054 3ddc 80bc 8494 51f9  ...?Q..T=.....Q.
000009e0: 7d9f ee3f cf3e 5a7e 641f 78bc 745f ece8  }..?.>Z~d.x.t_..
000009f0: 759f ee3f b07d 8bc0 4aee 86bc 7481 a548  u..?.}..J...t..H
00000a00: 9a9f ee3f 8ae6 551e 3219 86bc c967 4256  ...?..U.2....gBV
00000a10: eb9f ee3f d3d4 095e cb9c 903c 3f5d de4f  ...?...^...<?].O
00000a20: 69a0 ee3f 1da5 4db9 dc32 7bbc 8701 eb73  i..?..M..2{....s
00000a30: 14a1 ee3f 6bc0 6754 fdec 943c 32c1 3001  ...?k.gT...<2.0.
00000a40: eda1 ee3f 556c d6ab e1eb 653c 624e cf36  ...?Ul....e<bN.6
00000a50: f3a2 ee3f 42cf b32f c5a1 88bc 121a 3e54  ...?B../......>T
00000a60: 27a4 ee3f 3437 3bf1 b669 93bc 13ce 4c99  '..?47;..i....L.
00000a70: 89a5 ee3f 1eff 193a 845e 80bc adc7 2346  ...?...:.^....#F
00000a80: 1aa7 ee3f 6e57 72d8 50d4 94bc ed92 449b  ...?nWr.P.....D.
00000a90: d9a8 ee3f 008a 0e5b 67ad 903c 9966 8ad9  ...?...[g..<.f..
00000aa0: c7aa ee3f b4ea f0c1 2fb7 8d3c dba0 2a42  ...?..../..<..*B
00000ab0: e5ac ee3f ffe7 c59c 60b6 65bc 8c44 b516  ...?....`.e..D..
00000ac0: 32af ee3f 445f f359 83f6 7b3c 3677 1599  2..?D_.Y..{<6w..
00000ad0: aeb1 ee3f 833d 1ea7 1f09 93bc c6ff 910b  ...?.=..........
00000ae0: 5bb4 ee3f 291e 6c8b b8a9 5dbc e5c5 cdb0  [..?).l...].....
00000af0: 37b7 ee3f 59b9 907c f923 6cbc 0f52 c8cb  7..?Y..|.#l..R..
00000b00: 44ba ee3f aaf9 f422 4343 92bc 504e de9f  D..?..."CC..PN..
00000b10: 82bd ee3f 4b8e 66d7 6cca 85bc ba07 ca70  ...?K.f.l......p
00000b20: f1c0 ee3f 27ce 912b fcaf 713c 90f0 a382  ...?'..+..q<....
00000b30: 91c4 ee3f bb73 0ae1 35d2 6d3c 2323 e319  ...?.s..5.m<##..
00000b40: 63c8 ee3f 6322 6222 04c5 87bc 65e5 5d7b  c..?c"b"....e.]{
00000b50: 66cc ee3f d531 e2e3 861c 8b3c 332d 4aec  f..?.1.....<3-J.
00000b60: 9bd0 ee3f 15bb bcd3 d1bb 91bc 5d25 3eb2  ...?........]%>.
00000b70: 03d5 ee3f d231 ee9c 31cc 903c 58b3 3013  ...?.1..1..<X.0.
00000b80: 9ed9 ee3f b35a 736e 8469 843c bffd 7955  ...?.Zsn.i.<..yU
00000b90: 6bde ee3f b49d 8e97 cddf 82bc 7af3 d3bf  k..?........z...
00000ba0: 6be3 ee3f 8733 cb92 771a 8c3c add3 5a99  k..?.3..w..<..Z.
00000bb0: 9fe8 ee3f fad9 d14a 8f7b 90bc 66b6 8d29  ...?...J.{..f..)
00000bc0: 07ee ee3f baae dc56 d9c3 55bc fb15 4fb8  ...?...V..U...O.
00000bd0: a2f3 ee3f 40f6 a63d 0ea4 90bc 3a59 e58d  ...?@..=....:Y..
00000be0: 72f9 ee3f 3493 ad38 f4d6 68bc 475e fbf2  r..?4..8..h.G^..
00000bf0: 76ff ee3f 358a 586b e2ee 91bc 4a06 a130  v..?5.Xk....J..0
00000c00: b005 ef3f cddd 5f0a d7ff 743c d2c1 4b90  ...?.._...t<..K.
00000c10: 1e0c ef3f ac98 92fa fbbd 91bc 091e d75b  ...?...........[
00000c20: c212 ef3f b30c af30 ae6e 733c 9c52 85dd  ...?...0.ns<.R..
00000c30: 9b19 ef3f 94fd 9f5c 32e3 8e3c 7ad0 ff5f  ...?...\2..<z.._
00000c40: ab20 ef3f ac59 09d1 8fe0 843c 4bd1 572e  . .?.Y.....<K.W.
00000c50: f127 ef3f 671a 4e38 afcd 633c b5e7 0694  .'.?g.N8..c<....
00000c60: 6d2f ef3f 6819 926c 2c6b 673c 6990 efdc  m/.?h..l,kg<i...
00000c70: 2037 ef3f d2b5 cc83 188a 80bc fac3 5d55   7.?..........]U
00000c80: 0b3f ef3f 6ffa ff3f 5dad 8fbc 7c89 074a  .?.?o..?]...|..J
00000c90: 2d47 ef3f 49a9 7538 ae0d 90bc f289 0d08  -G.?I.u8........
00000ca0: 874f ef3f a707 3da6 85a3 743c 87a4 fbdc  .O.?..=...t<....
00000cb0: 1858 ef3f 0f22 4020 9e91 82bc 9883 c916  .X.?."@ ........
00000cc0: e360 ef3f ac92 c1d5 505a 8e3c 8532 db03  .`.?....PZ.<.2..
00000cd0: e669 ef3f 4b6b 01ac 593a 843c 60b4 01f3  .i.?Kk..Y:.<`...
00000ce0: 2173 ef3f 1f3e b407 21d5 82bc 5f9b 7b33  !s.?.>..!..._.{3
00000cf0: 977c ef3f c90d 473b b92a 89bc 29a1 f514  .|.?..G;.*..)...
00000d00: 4686 ef3f d388 3a60 04b6 743c f63f 8be7  F..?..:`..t<.?..
00000d10: 2e90 ef3f 7172 9d51 ecc5 833c 834c c7fb  ...?qr.Q...<.L..
00000d20: 519a ef3f f091 d38f 12f7 8fbc da90 a4a2  Q..?............
00000d30: afa4 ef3f 7d74 23e2 98ae 8dbc f167 8e2d  ...?}t#......g.-
00000d40: 48af ef3f 0820 aa41 bcc3 8e3c 275a 61ee  H..?. .A...<'Za.
00000d50: 1bba ef3f 32eb a9c3 942b 843c 97ba 6b37  ...?2....+.<..k7
00000d60: 2bc5 ef3f ee85 d131 a964 8a3c 4045 6e5b  +..?...1.d.<@En[
00000d70: 76d0 ef3f ede3 3be4 ba37 8ebc 14be 9cad  v..?..;..7......
00000d80: fddb ef3f 9dcd 914d 3b89 773c d890 9e81  ...?...M;.w<....
00000d90: c1e7 ef3f 89cc 6041 c105 533c f171 8f2b  ...?..`A..S<.q.+
00000da0: c2f3 ef3f 0038 fafe 422e e63f 3067 c793  ...?.8..B..?0g..
00000db0: 57f3 2e3d 0000 0000 0000 e0bf 6055 5555  W..=........`UUU
00000dc0: 5555 e5bf 0600 0000 0000 e03f 4e55 5999  UU.........?NUY.
00000dd0: 9999 e93f 7aa4 2955 5555 e5bf e945 489b  ...?z.)UUU...EH.
00000de0: 5b49 f2bf c33f 268b 2b00 f03f 0000 0000  [I...?&.+..?....
00000df0: 00a0 f63f 0000 0000 0000 0000 00c8 b9f2  ...?............
00000e00: 822c d6bf 8056 3728 24b4 fa3c 0000 0000  .,...V7($..<....
00000e10: 0080 f63f 0000 0000 0000 0000 0008 58bf  ...?..........X.
00000e20: bdd1 d5bf 20f7 e0d8 08a5 1cbd 0000 0000  .... ...........
00000e30: 0060 f63f 0000 0000 0000 0000 0058 4517  .`.?.........XE.
00000e40: 7776 d5bf 6d50 b6d5 a462 23bd 0000 0000  wv..mP...b#.....
00000e50: 0040 f63f 0000 0000 0000 0000 00f8 2d87  .@.?..........-.
00000e60: ad1a d5bf d567 b09e e484 e6bc 0000 0000  .....g..........
00000e70: 0020 f63f 0000 0000 0000 0000 0078 7795  . .?.........xw.
00000e80: 5fbe d4bf e03e 2993 691b 04bd 0000 0000  _....>).i.......
00000e90: 0000 f63f 0000 0000 0000 0000 0060 1cc2  ...?.........`..
00000ea0: 8b61 d4bf cc84 4c48 2fd8 133d 0000 0000  .a....LH/..=....
00000eb0: 00e0 f53f 0000 0000 0000 0000 00a8 8686  ...?............
00000ec0: 3004 d4bf 3a0b 82ed f342 dc3c 0000 0000  0...:....B.<....
00000ed0: 00c0 f53f 0000 0000 0000 0000 0048 6955  ...?.........HiU
00000ee0: 4ca6 d3bf 6094 5186 c6b1 203d 0000 0000  L...`.Q... =....
00000ef0: 00a0 f53f 0000 0000 0000 0000 0080 989a  ...?............
00000f00: dd47 d3bf 9280 c5d4 4d59 253d 0000 0000  .G......MY%=....
00000f10: 0080 f53f 0000 0000 0000 0000 0020 e1ba  ...?......... ..
00000f20: e2e8 d2bf d82b b799 1e7b 263d 0000 0000  .....+...{&=....
00000f30: 0060 f53f 0000 0000 0000 0000 0088 de13  .`.?............
00000f40: 5a89 d2bf 3fb0 cfb6 14ca 153d 0000 0000  Z...?......=....
00000f50: 0060 f53f 0000 0000 0000 0000 0088 de13  .`.?............
00000f60: 5a89 d2bf 3fb0 cfb6 14ca 153d 0000 0000  Z...?......=....
00000f70: 0040 f53f 0000 0000 0000 0000 0078 cffb  .@.?.........x..
00000f80: 4129 d2bf 76da 5328 245a 16bd 0000 0000  A)..v.S($Z......
00000f90: 0020 f53f 0000 0000 0000 0000 0098 69c1  . .?..........i.
00000fa0: 98c8 d1bf 0454 e768 bcaf 1fbd 0000 0000  .....T.h........
00000fb0: 0000 f53f 0000 0000 0000 0000 00a8 abab  ...?............
00000fc0: 5c67 d1bf f0a8 8233 c61f 1f3d 0000 0000  \g.....3...=....
00000fd0: 00e0 f43f 0000 0000 0000 0000 0048 aef9  ...?.........H..
00000fe0: 8b05 d1bf 665a 05fd c4a8 26bd 0000 0000  ....fZ....&.....
00000ff0: 00c0 f43f 0000 0000 0000 0000 0090 73e2  ...?..........s.
00001000: 24a3 d0bf 0010 0000 0e03 f47e ee6b 0cbd  $..........~.k..
00001010: 0000 0000 00a0 f43f 0000 0000 0000 0000  .......?........
00001020: 00d0 b494 2540 d0bf 7f2d f49e b836 f0bc  ....%@...-...6..
00001030: 0000 0000 00a0 f43f 0000 0000 0000 0000  .......?........
00001040: 00d0 b494 2540 d0bf 7f2d f49e b836 f0bc  ....%@...-...6..
00001050: 0000 0000 0080 f43f 0000 0000 0000 0000  .......?........
00001060: 0040 5e6d 18b9 cfbf 873c 99ab 2a57 0d3d  .@^m.....<..*W.=
00001070: 0000 0000 0060 f43f 0000 0000 0000 0000  .....`.?........
00001080: 0060 dccb adf0 cebf 24af 869c b726 2b3d  .`......$....&+=
00001090: 0000 0000 0040 f43f 0000 0000 0000 0000  .....@.?........
000010a0: 00f0 2a6e 0727 cebf 10ff 3f54 4f2f 17bd  ..*n.'....?TO/..
000010b0: 0000 0000 0020 f43f 0000 0000 0000 0000  ..... .?........
000010c0: 00c0 4f6b 215c cdbf 1b68 cabb 91ba 213d  ..Ok!\...h....!=
000010d0: 0000 0000 0000 f43f 0000 0000 0000 0000  .......?........
000010e0: 00a0 9ac7 f78f ccbf 3484 9f68 4f79 273d  ........4..hOy'=
000010f0: 0000 0000 0000 f43f 0000 0000 0000 0000  .......?........
00001100: 00a0 9ac7 f78f ccbf 3484 9f68 4f79 273d  ........4..hOy'=
00001110: 0000 0000 00e0 f33f 0000 0000 0000 0000  .......?........
00001120: 0090 2d74 86c2 cbbf 8fb7 8b31 b04e 193d  ..-t.......1.N.=
00001130: 0000 0000 00c0 f33f 0000 0000 0000 0000  .......?........
00001140: 00c0 804e c9f3 cabf 6690 cd3f 634e ba3c  ...N....f..?cN.<
00001150: 0000 0000 00a0 f33f 0000 0000 0000 0000  .......?........
00001160: 00b0 e21f bc23 cabf eac1 46dc 648c 25bd  .....#....F.d.%.
00001170: 0000 0000 00a0 f33f 0000 0000 0000 0000  .......?........
00001180: 00b0 e21f bc23 cabf eac1 46dc 648c 25bd  .....#....F.d.%.
00001190: 0000 0000 0080 f33f 0000 0000 0000 0000  .......?........
000011a0: 0050 f49c 5a52 c9bf e3d4 c104 d9d1 2abd  .P..ZR........*.
000011b0: 0000 0000 0060 f33f 0000 0000 0000 0000  .....`.?........
000011c0: 00d0 2065 a07f c8bf 09fa db7f bfbd 2b3d  .. e..........+=
000011d0: 0000 0000 0040 f33f 0000 0000 0000 0000  .....@.?........
000011e0: 00e0 1002 89ab c7bf 584a 5372 90db 2b3d  ........XJSr..+=
000011f0: 0000 0000 0040 f33f 0000 0000 0000 0000  .....@.?........
00001200: 00e0 1002 89ab c7bf 584a 5372 90db 2b3d  ........XJSr..+=
00001210: 0000 0000 0020 f33f 0000 0000 0000 0000  ..... .?........
00001220: 00d0 19e7 0fd6 c6bf 66e2 b2a3 6ae4 10bd  ........f...j...
00001230: 0000 0000 0000 f33f 0000 0000 0000 0000  .......?........
00001240: 0090 a770 30ff c5bf 3950 109f 439e 1ebd  ...p0...9P..C...
00001250: 0000 0000 0000 f33f 0000 0000 0000 0000  .......?........
00001260: 0090 a770 30ff c5bf 3950 109f 439e 1ebd  ...p0...9P..C...
00001270: 0000 0000 00e0 f23f 0000 0000 0000 0000  .......?........
00001280: 00b0 a1e3 e526 c5bf 8f5b 0790 8bde 20bd  .....&...[.... .
00001290: 0000 0000 00c0 f23f 0000 0000 0000 0000  .......?........
000012a0: 0080 cb6c 2b4d c4bf 3c78 3561 c10c 173d  ...l+M..<x5a...=
000012b0: 0000 0000 00c0 f23f 0000 0000 0000 0000  .......?........
000012c0: 0080 cb6c 2b4d c4bf 3c78 3561 c10c 173d  ...l+M..<x5a...=
000012d0: 0000 0000 00a0 f23f 0000 0000 0000 0000  .......?........
000012e0: 0090 1e20 fc71 c3bf 3a54 274d 8678 f13c  ... .q..:T'M.x.<
000012f0: 0000 0000 0080 f23f 0000 0000 0000 0000  .......?........
00001300: 00f0 1ff8 5295 c2bf 08c4 7117 308d 24bd  ....R.....q.0.$.
00001310: 0000 0000 0060 f23f 0000 0000 0000 0000  .....`.?........
00001320: 0060 2fd5 2ab7 c1bf 96a3 1118 a480 2ebd  .`/.*...........
00001330: 0000 0000 0060 f23f 0000 0000 0000 0000  .....`.?........
00001340: 0060 2fd5 2ab7 c1bf 96a3 1118 a480 2ebd  .`/.*...........
00001350: 0000 0000 0040 f23f 0000 0000 0000 0000  .....@.?........
00001360: 0090 d07c 7ed7 c0bf f45b e888 9669 0a3d  ...|~....[...i.=
00001370: 0000 0000 0040 f23f 0000 0000 0000 0000  .....@.?........
00001380: 0090 d07c 7ed7 c0bf f45b e888 9669 0a3d  ...|~....[...i.=
00001390: 0000 0000 0020 f23f 0000 0000 0000 0000  ..... .?........
000013a0: 00e0 db31 91ec bfbf f233 a35c 5475 25bd  ...1.....3.\Tu%.
000013b0: 0000 0000 0000 f23f 0000 0000 0000 0000  .......?........
000013c0: 0000 2b6e 0727 bebf 3c00 f02a 2c34 2a3d  ..+n.'..<..*,4*=
000013d0: 0000 0000 0000 f23f 0000 0000 0000 0000  .......?........
000013e0: 0000 2b6e 0727 bebf 3c00 f02a 2c34 2a3d  ..+n.'..<..*,4*=
000013f0: 0000 0000 00e0 f13f 0000 0000 0000 0000  .......?........
00001400: 00c0 5b8f 545e bcbf 06be 5f58 570c 1dbd  ..[.T^...._XW...
00001410: 0000 0000 00c0 f13f 0000 0000 0000 0000  .......?........
00001420: 00e0 4a3a 6d92 babf c8aa 5be8 3539 253d  ..J:m.....[.59%=
00001430: 0000 0000 00c0 f13f 0000 0000 0000 0000  .......?........
00001440: 00e0 4a3a 6d92 babf c8aa 5be8 3539 253d  ..J:m.....[.59%=
00001450: 0000 0000 00a0 f13f 0000 0000 0000 0000  .......?........
00001460: 00a0 31d6 45c3 b8bf 6856 2f4d 297c 133d  ..1.E...hV/M)|.=
00001470: 0000 0000 00a0 f13f 0000 0000 0000 0000  .......?........
00001480: 00a0 31d6 45c3 b8bf 6856 2f4d 297c 133d  ..1.E...hV/M)|.=
00001490: 0000 0000 0080 f13f 0000 0000 0000 0000  .......?........
000014a0: 0060 e58a d2f0 b6bf da73 33c9 3797 26bd  .`.......s3.7.&.
000014b0: 0000 0000 0060 f13f 0000 0000 0000 0000  .....`.?........
000014c0: 0020 063f 071b b5bf 575e c661 5b02 1f3d  . .?....W^.a[..=
000014d0: 0000 0000 0060 f13f 0000 0000 0000 0000  .....`.?........
000014e0: 0020 063f 071b b5bf 575e c661 5b02 1f3d  . .?....W^.a[..=
000014f0: 0000 0000 0040 f13f 0000 0000 0000 0000  .....@.?........
00001500: 00e0 1b96 d741 b3bf df13 f9cc da5e 2c3d  .....A.......^,=
00001510: 0000 0000 0040 f13f 0000 0000 0000 0000  .....@.?........
00001520: 00e0 1b96 d741 b3bf df13 f9cc da5e 2c3d  .....A.......^,=
00001530: 0000 0000 0020 f13f 0000 0000 0000 0000  ..... .?........
00001540: 0080 a3ee 3665 b1bf 09a3 8f76 5e7c 143d  ....6e.....v^|.=
00001550: 0000 0000 0000 f13f 0000 0000 0000 0000  .......?........
00001560: 0080 11c0 300a afbf 918e 3683 9e59 2d3d  ....0.....6..Y-=
00001570: 0000 0000 0000 f13f 0000 0000 0000 0000  .......?........
00001580: 0080 11c0 300a afbf 918e 3683 9e59 2d3d  ....0.....6..Y-=
00001590: 0000 0000 00e0 f03f 0000 0000 0000 0000  .......?........
000015a0: 0080 1971 dd42 abbf 4c70 d6e5 7a82 1c3d  ...q.B..Lp..z..=
000015b0: 0000 0000 00e0 f03f 0000 0000 0000 0000  .......?........
000015c0: 0080 1971 dd42 abbf 4c70 d6e5 7a82 1c3d  ...q.B..Lp..z..=
000015d0: 0000 0000 00c0 f03f 0000 0000 0000 0000  .......?........
000015e0: 00c0 32f6 5874 a7bf eea1 f234 46fc 2cbd  ..2.Xt.....4F.,.
000015f0: 0000 0000 00c0 f03f 0000 0000 0000 0000  .......?........
00001600: 00c0 32f6 5874 a7bf eea1 f234 46fc 2cbd  ..2.Xt.....4F.,.
00001610: 0000 0000 00a0 f03f 0000 0000 0000 0000  .......?........
00001620: 00c0 feb9 879e a3bf aafe 26f5 b702 f53c  ..........&....<
00001630: 0000 0000 00a0 f03f 0000 0000 0000 0000  .......?........
00001640: 00c0 feb9 879e a3bf aafe 26f5 b702 f53c  ..........&....<
00001650: 0000 0000 0080 f03f 0000 0000 0000 0000  .......?........
00001660: 0000 780e 9b82 9fbf e409 7e7c 2680 29bd  ..x.......~|&.).
00001670: 0000 0000 0080 f03f 0000 0000 0000 0000  .......?........
00001680: 0000 780e 9b82 9fbf e409 7e7c 2680 29bd  ..x.......~|&.).
00001690: 0000 0000 0060 f03f 0000 0000 0000 0000  .....`.?........
000016a0: 0080 d507 1bb9 97bf 39a6 fa93 548d 28bd  ........9...T.(.
000016b0: 0000 0000 0040 f03f 0000 0000 0000 0000  .....@.?........
000016c0: 0000 fcb0 a8c0 8fbf 9ca6 d3f6 7c1e dfbc  ............|...
000016d0: 0000 0000 0040 f03f 0000 0000 0000 0000  .....@.?........
000016e0: 0000 fcb0 a8c0 8fbf 9ca6 d3f6 7c1e dfbc  ............|...
000016f0: 0000 0000 0020 f03f 0000 0000 0000 0000  ..... .?........
00001700: 0000 106b 2ae0 7fbf e440 da0d 3fe2 19bd  ...k*....@..?...
00001710: 0000 0000 0020 f03f 0000 0000 0000 0000  ..... .?........
00001720: 0000 106b 2ae0 7fbf e440 da0d 3fe2 19bd  ...k*....@..?...
00001730: 0000 0000 0000 f03f 0000 0000 0000 0000  .......?........
00001740: 0000 0000 0000 0000 0000 0000 0000 0000  ................
00001750: 0000 0000 0000 f03f 0000 0000 0000 0000  .......?........
00001760: 0000 0000 0000 0000 0000 0000 0000 0000  ................
00001770: 0000 0000 00c0 ef3f 0000 0000 0000 0000  .......?........
00001780: 0000 8975 1510 803f e82b 9d99 6bc7 10bd  ...u...?.+..k...
00001790: 0000 0000 0080 ef3f 0000 0000 0000 0000  .......?........
000017a0: 0080 9358 5620 903f d2f7 e206 5bdc 23bd  ...XV .?....[.#.
000017b0: 0000 0000 0040 ef3f 0000 0000 0000 0000  .....@.?........
000017c0: 0000 c928 2549 983f 340c 5a32 baa0 2abd  ...(%I.?4.Z2..*.
000017d0: 0000 0000 0000 ef3f 0000 0000 0000 0000  .......?........
000017e0: 0040 e789 5d41 a03f 53d7 f15c c011 013d  .@..]A.?S..\...=
000017f0: 0000 0000 00c0 ee3f 0000 0000 0000 0000  .......?........
00001800: 0000 2ed4 ae66 a43f 28fd bd75 7316 2cbd  .....f.?(..us.,.
00001810: 0000 0000 0080 ee3f 0000 0000 0000 0000  .......?........
00001820: 00c0 9f14 aa94 a83f 7d26 5ad0 9579 19bd  .......?}&Z..y..
00001830: 0000 0000 0040 ee3f 0000 0000 0000 0000  .....@.?........
00001840: 00c0 ddcd 73cb ac3f 0728 d847 f268 1abd  ....s..?.(.G.h..
00001850: 0000 0000 0020 ee3f 0000 0000 0000 0000  ..... .?........
00001860: 00c0 06c0 31ea ae3f 7b3b c94f 3e11 0ebd  ....1..?{;.O>...
00001870: 0000 0000 00e0 ed3f 0000 0000 0000 0000  .......?........
00001880: 0060 46d1 3b97 b13f 9b9e 0d56 5d32 25bd  .`F.;..?...V]2%.
00001890: 0000 0000 00a0 ed3f 0000 0000 0000 0000  .......?........
000018a0: 00e0 d1a7 f5bd b33f d74e dba5 5ec8 2c3d  .......?.N..^.,=
000018b0: 0000 0000 0060 ed3f 0000 0000 0000 0000  .....`.?........
000018c0: 00a0 974d 5ae9 b53f 1e1d 5d3c 0669 2cbd  ...MZ..?..]<.i,.
000018d0: 0000 0000 0040 ed3f 0000 0000 0000 0000  .....@.?........
000018e0: 00c0 ea0a d300 b73f 32ed 9da9 8d1e ec3c  .......?2......<
000018f0: 0000 0000 0000 ed3f 0000 0000 0000 0000  .......?........
00001900: 0040 595d 5e33 b93f da47 bd3a 5c11 233d  .@Y]^3.?.G.:\.#=
00001910: 0000 0000 00c0 ec3f 0000 0000 0000 0000  .......?........
00001920: 0060 ad8d c86a bb3f e568 f72b 8090 13bd  .`...j.?.h.+....
00001930: 0000 0000 00a0 ec3f 0000 0000 0000 0000  .......?........
00001940: 0040 bc01 5888 bc3f d3ac 5ac6 d146 263d  .@..X..?..Z..F&=
00001950: 0000 0000 0060 ec3f 0000 0000 0000 0000  .....`.?........
00001960: 0020 0a83 39c7 be3f e045 e6af 68c0 2dbd  . ..9..?.E..h.-.
00001970: 0000 0000 0040 ec3f 0000 0000 0000 0000  .....@.?........
00001980: 00e0 db39 91e8 bf3f fd0a a14f d634 25bd  ...9...?...O.4%.
00001990: 0000 0000 0000 ec3f 0000 0000 0000 0000  .......?........
000019a0: 00e0 2782 8e17 c13f f207 2dce 78ef 213d  ..'....?..-.x.!=
000019b0: 0000 0000 00e0 eb3f 0000 0000 0000 0000  .......?........
000019c0: 00f0 237e 2baa c13f 3499 3844 8ea7 2c3d  ..#~+..?4.8D..,=
000019d0: 0000 0000 00a0 eb3f 0000 0000 0000 0000  .......?........
000019e0: 0080 860c 61d1 c23f a1b4 81cb 6c9d 033d  ....a..?....l..=
000019f0: 0000 0000 0080 eb3f 0000 0000 0000 0000  .......?........
00001a00: 0090 15b0 fc65 c33f 8972 4b23 a82f c63c  .....e.?.rK#./.<
00001a10: 0000 0000 0040 eb3f 0000 0000 0000 0000  .....@.?........
00001a20: 00b0 3383 3d91 c43f 78b6 fd54 7983 253d  ..3.=..?x..Ty.%=
00001a30: 0000 0000 0020 eb3f 0000 0000 0000 0000  ..... .?........
00001a40: 00b0 a1e4 e527 c53f c77d 69e5 e833 263d  .....'.?.}i..3&=
00001a50: 0000 0000 00e0 ea3f 0000 0000 0000 0000  .......?........
00001a60: 0010 8cbe 4e57 c63f 782e 3c2c 8bcf 193d  ....NW.?x.<,...=
00001a70: 0000 0000 00c0 ea3f 0000 0000 0000 0000  .......?........
00001a80: 0070 758b 12f0 c63f e121 9ce5 8d11 25bd  .pu....?.!....%.
00001a90: 0000 0000 00a0 ea3f 0000 0000 0000 0000  .......?........
00001aa0: 0050 4485 8d89 c73f 0543 9170 1066 1cbd  .PD....?.C.p.f..
00001ab0: 0000 0000 0060 ea3f 0000 0000 0000 0000  .....`.?........
00001ac0: 0000 39eb afbe c83f d12c e9aa 543d 07bd  ..9....?.,..T=..
00001ad0: 0000 0000 0040 ea3f 0000 0000 0000 0000  .....@.?........
00001ae0: 0000 f7dc 5a5a c93f 6fff a058 28f2 073d  ....ZZ.?o..X(..=
00001af0: 0000 0000 0000 ea3f 0000 0000 0000 0000  .......?........
00001b00: 00e0 8a3c ed93 ca3f 6921 5650 4372 28bd  ...<...?i!VPCr(.
00001b10: 0000 0000 00e0 e93f 0000 0000 0000 0000  .......?........
00001b20: 00d0 5b57 d831 cb3f aae1 ac4e 8d35 0cbd  ..[W.1.?...N.5..
00001b30: 0000 0000 00c0 e93f 0000 0000 0000 0000  .......?........
00001b40: 00e0 3b38 87d0 cb3f b612 5459 c44b 2dbd  ..;8...?..TY.K-.
00001b50: 0000 0000 00a0 e93f 0000 0000 0000 0000  .......?........
00001b60: 0010 f0c6 fb6f cc3f d22b 96c5 72ec f1bc  .....o.?.+..r...
00001b70: 0000 0000 0060 e93f 0000 0000 0000 0000  .....`.?........
00001b80: 0090 d4b0 3db1 cd3f 35b0 15f7 2aff 2abd  ....=..?5...*.*.
00001b90: 0000 0000 0040 e93f 0000 0000 0000 0000  .....@.?........
00001ba0: 0010 e7ff 0e53 ce3f 30f4 4160 2712 c23c  .....S.?0.A`'..<
00001bb0: 0000 0000 0020 e93f 0000 0000 0000 0000  ..... .?........
00001bc0: 0000 dde4 adf5 ce3f 118e bb65 1521 cabc  .......?...e.!..
00001bd0: 0000 0000 0000 e93f 0000 0000 0000 0000  .......?........
00001be0: 00b0 b36c 1c99 cf3f 30df 0cca eccb 1b3d  ...l...?0......=
00001bf0: 0000 0000 00c0 e83f 0000 0000 0000 0000  .......?........
00001c00: 0058 4d60 3871 d03f 914e ed16 db9c f83c  .XM`8q.?.N.....<
00001c10: 0000 0000 00a0 e83f 0000 0000 0000 0000  .......?........
00001c20: 0060 6167 2dc4 d03f e9ea 3c16 8b18 273d  .`ag-..?..<...'=
00001c30: 0000 0000 0080 e83f 0000 0000 0000 0000  .......?........
00001c40: 00e8 2782 8e17 d13f 1cf0 a563 0e21 2cbd  ..'....?...c.!,.
00001c50: 0000 0000 0060 e83f 0000 0000 0000 0000  .....`.?........
00001c60: 00f8 accb 5c6b d13f 8116 a5f7 cd9a 2b3d  ....\k.?......+=
00001c70: 0000 0000 0040 e83f 0000 0000 0000 0000  .....@.?........
00001c80: 0068 5a63 99bf d13f b7bd 4751 eda6 2c3d  .hZc...?..GQ..,=
00001c90: 0000 0000 0020 e83f 0000 0000 0000 0000  ..... .?........
00001ca0: 00b8 0e6d 4514 d23f eaba 46ba de87 0a3d  ...mE..?..F....=
00001cb0: 0000 0000 00e0 e73f 0000 0000 0000 0000  .......?........
00001cc0: 0090 dc7c f0be d23f f404 504a fa9c 2a3d  ...|...?..PJ..*=
00001cd0: 0000 0000 00c0 e73f 0000 0000 0000 0000  .......?........
00001ce0: 0060 d3e1 f114 d33f b83c 21d3 7ae2 28bd  .`.....?.<!.z.(.
00001cf0: 0000 0000 00a0 e73f 0000 0000 0000 0000  .......?........
00001d00: 0010 be76 676b d33f c877 f1b0 cd6e 113d  ...vgk.?.w...n.=
00001d10: 0000 0000 0080 e73f 0000 0000 0000 0000  .......?........
00001d20: 0030 3377 52c2 d33f 5cbd 06b6 543b 183d  .03wR..?\...T;.=
00001d30: 0000 0000 0060 e73f 0000 0000 0000 0000  .....`.?........
00001d40: 00e8 d523 b419 d43f 9de0 90ec 36e4 083d  ...#...?....6..=
00001d50: 0000 0000 0040 e73f 0000 0000 0000 0000  .....@.?........
00001d60: 00c8 71c2 8d71 d43f 75d6 6709 ce27 2fbd  ..q..q.?u.g..'/.
00001d70: 0000 0000 0020 e73f 0000 0000 0000 0000  ..... .?........
00001d80: 0030 179e e0c9 d43f a4d8 0a1b 8920 2ebd  .0.....?..... ..
00001d90: 0000 0000 0000 e73f 0000 0000 0000 0000  .......?........
00001da0: 00a0 3807 ae22 d53f 59c7 6481 70be 2e3d  ..8..".?Y.d.p..=
00001db0: 0000 0000 00e0 e63f 0000 0000 0000 0000  .......?........
00001dc0: 00d0 c853 f77b d53f ef40 5dee edad 1f3d  ...S.{.?.@]....=
00001dd0: 0000 0000 00c0 e63f 0000 0000 0000 0000  .......?........
00001de0: 0060 59df bdd5 d53f dc65 a408 2a0b 0abd  .`Y....?.e..*...
00001df0: 5375 6363 6573 7300 496c 6c65 6761 6c20  Success.Illegal 
00001e00: 6279 7465 2073 6571 7565 6e63 6500 446f  byte sequence.Do
00001e10: 6d61 696e 2065 7272 6f72 0052 6573 756c  main error.Resul
00001e20: 7420 6e6f 7420 7265 7072 6573 656e 7461  t not representa
00001e30: 626c 6500 4e6f 7420 6120 7474 7900 5065  ble.Not a tty.Pe
00001e40: 726d 6973 7369 6f6e 2064 656e 6965 6400  rmission denied.
00001e50: 4f70 6572 6174 696f 6e20 6e6f 7420 7065  Operation not pe
00001e60: 726d 6974 7465 6400 4e6f 2073 7563 6820  rmitted.No such 
00001e70: 6669 6c65 206f 7220 6469 7265 6374 6f72  file or director
00001e80: 7900 4e6f 2073 7563 6820 7072 6f63 6573  y.No such proces
00001e90: 7300 4669 6c65 2065 7869 7374 7300 5661  s.File exists.Va
00001ea0: 6c75 6520 746f 6f20 6c61 7267 6520 666f  lue too large fo
00001eb0: 7220 6461 7461 2074 7970 6500 4e6f 2073  r data type.No s
00001ec0: 7061 6365 206c 6566 7420 6f6e 2064 6576  pace left on dev
00001ed0: 6963 6500 4f75 7420 6f66 206d 656d 6f72  ice.Out of memor
00001ee0: 7900 5265 736f 7572 6365 2062 7573 7900  y.Resource busy.
00001ef0: 496e 7465 7272 7570 7465 6420 7379 7374  Interrupted syst
00001f00: 656d 2063 616c 6c00 5265 736f 7572 6365  em call.Resource
00001f10: 2074 656d 706f 7261 7269 6c79 2075 6e61   temporarily una
00001f20: 7661 696c 6162 6c65 0049 6e76 616c 6964  vailable.Invalid
00001f30: 2073 6565 6b00 4372 6f73 732d 6465 7669   seek.Cross-devi
00001f40: 6365 206c 696e 6b00 5265 6164 2d6f 6e6c  ce link.Read-onl
00001f50: 7920 6669 6c65 2073 7973 7465 6d00 4469  y file system.Di
00001f60: 7265 6374 6f72 7920 6e6f 7420 656d 7074  rectory not empt
00001f70: 7900 436f 6e6e 6563 7469 6f6e 2072 6573  y.Connection res
00001f80: 6574 2062 7920 7065 6572 004f 7065 7261  et by peer.Opera
00001f90: 7469 6f6e 2074 696d 6564 206f 7574 0043  tion timed out.C
00001fa0: 6f6e 6e65 6374 696f 6e20 7265 6675 7365  onnection refuse
00001fb0: 6400 486f 7374 2069 7320 756e 7265 6163  d.Host is unreac
00001fc0: 6861 626c 6500 4164 6472 6573 7320 696e  hable.Address in
00001fd0: 2075 7365 0042 726f 6b65 6e20 7069 7065   use.Broken pipe
00001fe0: 0049 2f4f 2065 7272 6f72 004e 6f20 7375  .I/O error.No su
00001ff0: 6368 2064 6576 6963 6520 6f72 2061 6464  ch device or add
00002000: 7265 7373 004e 6f20 0020 0000 7375 6368  ress.No . ..such
00002010: 2064 6576 6963 6500 4e6f 7420 6120 6469   device.Not a di
00002020: 7265 6374 6f72 7900 4973 2061 2064 6972  rectory.Is a dir
00002030: 6563 746f 7279 0054 6578 7420 6669 6c65  ectory.Text file
00002040: 2062 7573 7900 4578 6563 2066 6f72 6d61   busy.Exec forma
00002050: 7420 6572 726f 7200 496e 7661 6c69 6420  t error.Invalid 
00002060: 6172 6775 6d65 6e74 0041 7267 756d 656e  argument.Argumen
00002070: 7420 6c69 7374 2074 6f6f 206c 6f6e 6700  t list too long.
00002080: 5379 6d62 6f6c 6963 206c 696e 6b20 6c6f  Symbolic link lo
00002090: 6f70 0046 696c 656e 616d 6520 746f 6f20  op.Filename too 
000020a0: 6c6f 6e67 0054 6f6f 206d 616e 7920 6f70  long.Too many op
000020b0: 656e 2066 696c 6573 2069 6e20 7379 7374  en files in syst
000020c0: 656d 004e 6f20 6669 6c65 2064 6573 6372  em.No file descr
000020d0: 6970 746f 7273 2061 7661 696c 6162 6c65  iptors available
000020e0: 0042 6164 2066 696c 6520 6465 7363 7269  .Bad file descri
000020f0: 7074 6f72 004e 6f20 6368 696c 6420 7072  ptor.No child pr
00002100: 6f63 6573 7300 4261 6420 6164 6472 6573  ocess.Bad addres
00002110: 7300 4669 6c65 2074 6f6f 206c 6172 6765  s.File too large
00002120: 0054 6f6f 206d 616e 7920 6c69 6e6b 7300  .Too many links.
00002130: 4e6f 206c 6f63 6b73 2061 7661 696c 6162  No locks availab
00002140: 6c65 0052 6573 6f75 7263 6520 6465 6164  le.Resource dead
00002150: 6c6f 636b 2077 6f75 6c64 206f 6363 7572  lock would occur
00002160: 0053 7461 7465 206e 6f74 2072 6563 6f76  .State not recov
00002170: 6572 6162 6c65 0050 7265 7669 6f75 7320  erable.Previous 
00002180: 6f77 6e65 7220 6469 6564 004f 7065 7261  owner died.Opera
00002190: 7469 6f6e 2063 616e 6365 6c65 6400 4675  tion canceled.Fu
000021a0: 6e63 7469 6f6e 206e 6f74 2069 6d70 6c65  nction not imple
000021b0: 6d65 6e74 6564 004e 6f20 6d65 7373 6167  mented.No messag
000021c0: 6520 6f66 2064 6573 6972 6564 2074 7970  e of desired typ
000021d0: 6500 4964 656e 7469 6669 6572 2072 656d  e.Identifier rem
000021e0: 6f76 6564 004c 696e 6b20 6861 7320 6265  oved.Link has be
000021f0: 656e 2073 6576 6572 6564 0050 726f 746f  en severed.Proto
00002200: 636f 6c20 6572 726f 7200 4261 6420 6d65  col error.Bad me
00002210: 7373 6167 6500 4e6f 7420 6120 736f 636b  ssage.Not a sock
00002220: 6574 0044 6573 7469 6e61 7469 6f6e 2061  et.Destination a
00002230: 6464 7265 7373 2072 6571 7569 7265 6400  ddress required.
00002240: 4d65 7373 6167 6520 746f 6f20 6c61 7267  Message too larg
00002250: 6500 5072 6f74 6f63 6f6c 2077 726f 6e67  e.Protocol wrong
00002260: 2074 7970 6520 666f 7220 736f 636b 6574   type for socket
00002270: 0050 726f 746f 636f 6c20 6e6f 7420 6176  .Protocol not av
00002280: 6169 6c61 626c 6500 5072 6f74 6f63 6f6c  ailable.Protocol
00002290: 206e 6f74 2073 7570 706f 7274 6564 004e   not supported.N
000022a0: 6f74 2073 7570 706f 7274 6564 0041 6464  ot supported.Add
000022b0: 7265 7373 2066 616d 696c 7920 6e6f 7420  ress family not 
000022c0: 7375 7070 6f72 7465 6420 6279 2070 726f  supported by pro
000022d0: 746f 636f 6c00 4164 6472 6573 7320 6e6f  tocol.Address no
000022e0: 7420 6176 6169 6c61 626c 6500 4e65 7477  t available.Netw
000022f0: 6f72 6b20 6973 2064 6f77 6e00 4e65 7477  ork is down.Netw
00002300: 6f72 6b20 756e 7265 6163 6861 626c 6500  ork unreachable.
00002310: 436f 6e6e 6563 7469 6f6e 2072 6573 6574  Connection reset
00002320: 2062 7920 6e65 7477 6f72 6b00 436f 6e6e   by network.Conn
00002330: 6563 7469 6f6e 2061 626f 7274 6564 004e  ection aborted.N
00002340: 6f20 6275 6666 6572 2073 7061 6365 2061  o buffer space a
00002350: 7661 696c 6162 6c65 0053 6f63 6b65 7420  vailable.Socket 
00002360: 6973 2063 6f6e 6e65 6374 6564 0053 6f63  is connected.Soc
00002370: 6b65 7420 6e6f 7420 636f 6e6e 6563 7465  ket not connecte
00002380: 6400 4f70 6572 6174 696f 6e20 616c 7265  d.Operation alre
00002390: 6164 7920 696e 2070 726f 6772 6573 7300  ady in progress.
000023a0: 4f70 6572 6174 696f 6e20 696e 2070 726f  Operation in pro
000023b0: 6772 6573 7300 5374 616c 6520 6669 6c65  gress.Stale file
000023c0: 2068 616e 646c 6500 5175 6f74 6120 6578   handle.Quota ex
000023d0: 6365 6564 6564 004d 756c 7469 686f 7020  ceeded.Multihop 
000023e0: 6174 7465 6d70 7465 6400 4361 7061 6269  attempted.Capabi
000023f0: 6c69 7469 6573 2069 6e73 7566 6669 6369  lities insuffici
00002400: 656e 7400 0000 0000 0000 0000 0000 7502  ent...........u.
00002410: 4e00 d601 e204 b904 1801 8e05 ed02 1604  N...............
00002420: f200 9703 0103 3805 af01 8201 4f03 2f04  ......8.....O./.
00002430: 1e00 d405 a200 1203 1e03 c201 de03 0800  ................
00002440: ac05 0001 6402 f101 6505 3402 8c02 cf02  ....d...e.4.....
00002450: 2d03 4c04 e305 9f02 f804 1c05 0805 b102  -.L.............
00002460: 4b05 1502 7800 5202 3c03 f103 e400 c303  K...x.R.<.......
00002470: 7d04 cc00 aa03 7905 2402 6e01 6d03 2204  }.....y.$.n.m.".
00002480: ab04 4400 fb01 ae00 8303 6000 e501 0704  ..D.......`.....
00002490: 9404 5e04 2b00 5801 3901 9200 c205 9b01  ..^.+.X.9.......
000024a0: 4302 4601 f605 0000 0000 0000 1900 0a00  C.F.............
000024b0: 1919 1900 0000 0005 0000 0000 0000 0900  ................
000024c0: 0000 000b 0000 0000 0000 0000 1900 110a  ................
000024d0: 1919 1903 0a07 0001 1b09 0b18 0000 0906  ................
000024e0: 0b00 000b 0006 1900 0000 1919 1900 0000  ................
000024f0: 0000 0000 0000 0000 0000 0000 000e 0000  ................
00002500: 0000 0000 0000 1900 0a0d 1919 1900 0d00  ................
00002510: 0002 0009 0e00 0000 0900 0e00 000e 0000  ................
00002520: 0000 0000 0000 0000 0000 0000 0000 0000  ................
00002530: 0000 0000 0000 000c 0000 0000 0000 0000  ................
00002540: 0000 0013 0000 0000 1300 0000 0009 0c00  ................
00002550: 0000 0000 0c00 000c 0000 0000 0000 0000  ................
00002560: 0000 0000 0000 0000 0000 0000 0000 0000  ................
00002570: 0010 0000 0000 0000 0000 0000 000f 0000  ................
00002580: 0004 0f00 0000 0009 1000 0000 0000 1000  ................
00002590: 0010 0000 0000 0000 0000 0000 0000 0000  ................
000025a0: 0000 0000 0000 0000 0000 0012 0000 0000  ................
000025b0: 0000 0000 0000 0011 0000 0000 1100 0000  ................
000025c0: 0009 1200 0000 0000 1200 0012 0000 1a00  ................
000025d0: 0000 1a1a 1a00 0000 0000 0000 0000 0000  ................
000025e0: 0000 0000 0000 0000 0000 0000 0000 1a00  ................
000025f0: 0000 1a1a 1a00 0000 0000 0009 0000 0000  ................
00002600: 0000 0000 0000 0000 0000 0000 0000 0000  ................
00002610: 0000 0000 0000 0000 0000 0000 0000 0014  ................
00002620: 0000 0000 0000 0000 0000 0017 0000 0000  ................
00002630: 1700 0000 0009 1400 0000 0000 1400 0014  ................
00002640: 0000 0000 0000 0000 0000 0000 0000 0000  ................
00002650: 0000 0000 0000 0000 0016 0000 0000 0000  ................
00002660: 0000 0000 0015 0000 0000 1500 0000 0009  ................
00002670: 1600 0000 0000 1600 0016 0000 3031 3233  ............0123
00002680: 3435 3637 3839 4142 4344 4546 0000 0000  456789ABCDEF....
00002690: 0000 0000 0000 0000 0000 0000 0000 0000  ................
000026a0: 0000 0000 0000 0000 0000 0000 0000 0000  ................
000026b0: 0000 0000 0000 0000 0000 0000 0000 0000  ................
000026c0: 0000 0000 0000 0000 0000 0000 0000 0000  ................
000026d0: 0000 0000 0000 0000 0000 0000 0000 0000  ................
000026e0: 0000 0000 0000 0000 0000 0000 0000 0000  ................
000026f0: 0000 0000 0000 0000 0000 0000 0000 0000  ................
00002700: 0000 0000 0000 0000 0000 0000 0000 0000  ................
00002710: 0000 0000 0000 0000 0000 0000 0000 0000  ................
00002720: 0000 0000 0000 0000 0000 0000 0000 0000  ................
00002730: 0000 0000 0000 0000 0000 0000 0000 0000  ................
00002740: 0000 0000 0000 0000 0000 0000 0000 0000  ................
00002750: 0000 0000 0000 0000 0000 0000 0000 0000  ................
00002760: 0000 0000 0000 0000 0000 0000 0000 0000  ................
00002770: 0000 0000 0000 0000 0000 0000 0000 0000  ................
00002780: 0000 0000 0000 0000 0000 0000 0000 0000  ................
00002790: 0000 0000 0000 0000 0000 0000 0000 0000  ................
000027a0: 0000 0000 0000 0000 0000 0000 0000 0000  ................
000027b0: 0000 0000 0000 0000 0000 0000 0000 0000  ................
000027c0: 0000 0000 0000 0000 0000 0000 0000 0000  ................
000027d0: 0000 0000 0000 0000 0000 0000 0000 0000  ................
000027e0: 0000 0000 0000 0000 0000 0000 0000 0000  ................
000027f0: 0000 0000 0000 0000 0000 0000 0000 0000  ................
00002800: 0000 0000 0000 0000 0000 0000 0000 0000  ................
00002810: 0000 0000 0000 0000 0000 0000 0000 0000  ................
00002820: 0000 0000 0000 0000 0000 0000 0000 0000  ................
00002830: 0000 0000 0000 0000 0000 0000 0000 0000  ................
00002840: 0000 0000 0000 0000 0000 0000 0000 0000  ................
00002850: 0000 0000 0000 0000 0000 0000 0000 0000  ................
00002860: 0000 0000 0000 0000 0000 0000 0000 0000  ................
00002870: 0000 0000 0000 0000 0000 0000 0000 0000  ................
00002880: 0000 0000 0000 0000 0000 0000 0000 0000  ................
00002890: 0000 0000 0000 0000 0000 0000 0000 0000  ................
000028a0: 0000 0000 0000 0000 0000 0000 0000 0000  ................
000028b0: 0000 0000 0000 0000 0000 0000 0000 0000  ................
000028c0: 0000 0000 0000 0000 0000 0000 0000 0000  ................
000028d0: 0000 0000 0000 0000 0000 0000 0000 0000  ................
000028e0: 0000 0000 0000 0000 0000 0000 0000 0000  ................
000028f0: 0000 0000 0000 0000 0000 0000 0000 0000  ................
00002900: 0000 0000 0000 0000 0000 0000 0000 0000  ................
00002910: 0000 0000 0000 0000 0000 0000 0000 0000  ................
00002920: 0000 0000 0000 0000 0000 0000 0000 0000  ................
00002930: 0000 0000 0000 0000 0000 0000 0000 0000  ................
00002940: 0000 0000 0000 0000 0000 0000 0000 0000  ................
00002950: 0000 0000 0000 0000 0000 0000 0000 0000  ................
00002960: 0000 0000 0000 0000 0000 0000 0000 0000  ................
00002970: 0000 0000 0000 0000 0000 0000 0000 0000  ................
00002980: 0000 0000 0000 0000 0000 0000 0000 0000  ................
00002990: 0000 0000 0000 0000 0000 0000 0000 0000  ................
000029a0: 0000 0000 0000 0000 0000 0000 0000 0000  ................
000029b0: 0000 0000 0000 0000 0000 0000 0000 0000  ................
000029c0: 0000 0000 0000 0000 0000 0000 0000 0000  ................
000029d0: 0000 0000 0000 0000 0000 0000 0000 0000  ................
000029e0: 0000 0000 0000 0000 0000 0000 0000 0000  ................
000029f0: 0000 0000 0000 0000 0000 0000 0000 0000  ................
00002a00: 0000 0000 0000 0000 0000 0000 0000 0000  ................
00002a10: 0000 0000 0000 0000 0000 0000 0000 0000  ................
00002a20: 0000 0000 0000 0000 0000 0000 0000 0000  ................
00002a30: 0000 0000 0000 0000 0000 0000 0000 0000  ................
00002a40: 0000 0000 0000 0000 0000 0000 0000 0000  ................
00002a50: 0000 0000 0000 0000 0000 0000 0000 0000  ................
00002a60: 0000 0000 0000 0000 0000 0000 0000 0000  ................
00002a70: 0000 0000 0000 0000 0000 0000 0000 0000  ................
00002a80: 0000 0000 0000 0000 0000 0000 0000 0000  ................
00002a90: 0000 0000 0000 0000 0000 0000 0000 0000  ................
00002aa0: 0000 0000 0000 0000 0000 0000 0000 0000  ................
00002ab0: 0000 0000 0000 0000 0000 0000 0000 0000  ................
00002ac0: 0000 0000 0000 0000 0000 0000 0000 0000  ................
00002ad0: 0000 0000 0000 0000 0000 0000 0000 0000  ................
00002ae0: 0000 0000 0000 0000 0000 0000 0000 0000  ................
00002af0: 0000 0000 0000 0000 0000 0000 0000 0000  ................
00002b00: 0000 0000 0000 0000 0000 0000 0000 0000  ................
00002b10: 0000 0000 0000 0000 0000 0000 0000 0000  ................
00002b20: 0000 0000 0000 0000 0000 0000 0000 0000  ................
00002b30: 0000 0000 0000 0000 0000 0000 0000 0000  ................
00002b40: 0000 0000 0000 0000 0000 0000 0000 0000  ................
00002b50: 0000 0000 0000 0000 0000 0000 0000 0000  ................
00002b60: 0000 0000 0000 0000 0000 0000 0000 0000  ................
00002b70: 0000 0000 0000 0000 0000 0000 0000 0000  ................
00002b80: 0000 0000 0000 0000 0000 0000 0000 0000  ................
00002b90: 0000 0000 0000 0000 0000 0000 0000 0000  ................
00002ba0: 0000 0000 0000 0000 0000 0000 0000 0000  ................
00002bb0: 0000 0000 0000 0000 0000 0000 0000 0000  ................
00002bc0: 0000 0000 0000 0000 0000 0000 0000 0000  ................
00002bd0: 0000 0000 0000 0000 0000 0000 0000 0000  ................
00002be0: 0000 0000 0000 0000 0000 0000 0000 0000  ................
00002bf0: 0000 0000 0000 0000 0000 0000 0000 0000  ................
00002c00: 0000 0000 0000 0000 0000 0000 0000 0000  ................
00002c10: 0000 0000 0000 0000 0000 0000 0000 0000  ................
00002c20: 0000 0000 0000 0000 0000 0000 0000 0000  ................
00002c30: 0000 0000 0000 0000 0000 0000 0000 0000  ................
00002c40: 0000 0000 0000 0000 0000 0000 0000 0000  ................
00002c50: 0000 0000 0000 0000 0000 0000 0000 0000  ................
00002c60: 0000 0000 0000 0000 0000 0000 0000 0000  ................
00002c70: 0000 0000 0000 0000 0000 0000 0000 0000  ................
00002c80: 0000 0000 0000 0000 0000 0000 0000 0000  ................
00002c90: 0000 0000 0000 0000 0000 0000 0000 0000  ................
00002ca0: 0000 0000 0000 0000 0000 0000 0000 0000  ................
00002cb0: 0000 0000 0000 0000 0000 0000 0000 0000  ................
00002cc0: 0000 0000 0000 0000 0000 0000 0000 0000  ................
00002cd0: 0000 0000 0000 0000 0000 0000 0000 0000  ................
00002ce0: 0000 0000 0000 0000 0000 0000 0000 0000  ................
00002cf0: 0000 0000 0000 0000 0000 0000 0000 0000  ................
00002d00: 0000 0000 0000 0000 0000 0000 0000 0000  ................
00002d10: 0000 0000 0000 0000 0000 0000 0000 0000  ................
00002d20: 0000 0000 0000 0000 0000 0000 0000 0000  ................
00002d30: 0000 0000 0000 0000 0000 0000 0000 0000  ................
00002d40: 0000 0000 0000 0000 0000 0000 0000 0000  ................
00002d50: 0000 0000 0000 0000 0000 0000 0000 0000  ................
00002d60: 0000 0000 0000 0000 0000 0000 0000 0000  ................
00002d70: 0000 0000 0000 0000 0000 0000 0000 0000  ................
00002d80: 0000 0000 0000 0000 0000 0000 0000 0000  ................
00002d90: 0000 0000 0000 0000 0000 0000 0000 0000  ................
00002da0: 0000 0000 0000 0000 0000 0000 0000 0000  ................
00002db0: 0000 0000 0000 0000 0000 0000 0000 0000  ................
00002dc0: 0000 0000 0000 0000 0000 0000 0000 0000  ................
00002dd0: 0000 0000 0000 0000 0000 0000 0000 0000  ................
00002de0: 0000 0000 0000 0000 0000 0000 0000 0000  ................
00002df0: 0000 0000 0000 0000 0000 0000 0000 0000  ................
00002e00: 0000 0000 0000 0000 0000 0000 0000 0000  ................
00002e10: 0000 0000 0000 0000 0000 0000 0000 0000  ................
00002e20: 0000 0000 0000 0000 0000 0000 0000 0000  ................
00002e30: 0000 0000 0000 0000 0000 0000 0000 0000  ................
00002e40: 0000 0000 0000 0000 0000 0000 0000 0000  ................
00002e50: 0000 0000 0000 0000 0000 0000 0000 0000  ................
00002e60: 0000 0000 0000 0000 0000 0000 0000 0000  ................
00002e70: 0000 0000 0000 0000 0000 0000 0000 0000  ................
00002e80: 0000 0000 0000 0000 0000 0000 0000 0000  ................
00002e90: 0000 0000 0000 0000 0000 0000 0000 0000  ................
00002ea0: 0000 0000 0000 0000 0000 0000 0000 0000  ................
00002eb0: 0000 0000 0000 0000 0000 0000 0000 0000  ................
00002ec0: 0000 0000 0000 0000 0000 0000 0000 0000  ................
00002ed0: 0000 0000 0000 0000 0000 0000 0000 0000  ................
00002ee0: 0000 0000 0000 0000 0000 0000 0000 0000  ................
00002ef0: 0000 0000 0000 0000 0000 0000 0000 0000  ................
00002f00: 0000 0000 0000 0000 0000 0000 0000 0000  ................
00002f10: 0000 0000 0000 0000 0000 0000 0000 0000  ................
00002f20: 0000 0000 0000 0000 0000 0000 0000 0000  ................
00002f30: 0000 0000 0000 0000 0000 0000 0000 0000  ................
00002f40: 0000 0000 0000 0000 0000 0000 0000 0000  ................
00002f50: 0000 0000 0000 0000 0000 0000 0000 0000  ................
00002f60: 0000 0000 0000 0000 0000 0000 0000 0000  ................
00002f70: 0000 0000 0000 0000 0000 0000 0000 0000  ................
00002f80: 0000 0000 0000 0000 0000 0000 0000 0000  ................
00002f90: 0000 0000 0000 0000 0000 0000 0000 0000  ................
00002fa0: 0000 0000 0000 0000 0000 0000 0000 0000  ................
00002fb0: 0000 0000 0000 0000 0000 0000 0000 0000  ................
00002fc0: 0000 0000 0000 0000 0000 0000 0000 0000  ................
00002fd0: 0000 0000 0000 0000 0000 0000 0000 0000  ................
00002fe0: 0000 0000 0000 0000 0000 0000 0000 0000  ................
00002ff0: 0000 0000 0000 0000 0000 0000 0000 0000  ................
00003000: 0000 0000 0000 0000 0000 0000            ............
